0 info it worked if it ends with ok
1 verbose cli [ 'C:\\Program Files\\nodejs\\node.exe',
1 verbose cli   'C:\\Program Files\\nodejs\\node_modules\\npm\\bin\\npm-cli.js',
1 verbose cli   'run',
1 verbose cli   'auto' ]
2 info using npm@3.8.9
3 info using node@v6.2.0
4 verbose run-script [ 'preauto', 'auto', 'postauto' ]
5 info lifecycle shihu-server@0.0.0~preauto: shihu-server@0.0.0
6 silly lifecycle shihu-server@0.0.0~preauto: no script for preauto, continuing
7 info lifecycle shihu-server@0.0.0~auto: shihu-server@0.0.0
8 verbose lifecycle shihu-server@0.0.0~auto: unsafe-perm in lifecycle true
9 verbose lifecycle shihu-server@0.0.0~auto: PATH: C:\Program Files\nodejs\node_modules\npm\bin\node-gyp-bin;Z:\wamp\www\shihu\shihu-server\node_modules\.bin;C:\Program Files\nodejs;C:\Users\z\bin;Z:\Git\mingw64\bin;Z:\Git\usr\local\bin;Z:\Git\usr\bin;Z:\Git\usr\bin;Z:\Git\mingw64\bin;Z:\Git\usr\bin;C:\Users\z\bin;C:\Ruby22-x64\bin;C:\Program Files (x86)\NVIDIA Corporation\PhysX\Common;C:\Program Files (x86)\Intel\iCLS Client;C:\Program Files\Intel\iCLS Client;C:\Windows\system32;C:\Windows;C:\Windows\System32\Wbem;C:\Windows\System32\WindowsPowerShell\v1.0;Z:\QuickTime\QTSystem;Z:\SVN\bin;C:\Program_Files\Java\jdk1.7.0_79\bin;C:\Program_Files\apache-maven-3.3.3\bin;C:\Program Files\nodejs;C:\Program Files\Microsoft\Web Platform Installer;C:\Program Files (x86)\Microsoft ASP.NET\ASP.NET Web Pages\v1.0;C:\Program Files (x86)\Windows Kits\8.0\Windows Performance Toolkit;C:\Program Files\Microsoft SQL Server\110\Tools\Binn;Z:\subversion\bin;C:\Program Files\PuTTY;C:\Program Files\nodejs\node_global;Z:\Git\mingw64\libexec\git-core;Z:\Git\mingw64\bin;Z:\cmder;C:\Users\z\AppData\Roaming\npm;Z:\mongodb\bin;Z:\Git\usr\bin\vendor_perl;Z:\Git\usr\bin\core_perl
10 verbose lifecycle shihu-server@0.0.0~auto: CWD: Z:\wamp\www\shihu\shihu-server
11 silly lifecycle shihu-server@0.0.0~auto: Args: [ '/d /s /c', 'supervisor ./bin/www' ]
12 silly lifecycle shihu-server@0.0.0~auto: Returned: code: 1  signal: null
13 info lifecycle shihu-server@0.0.0~auto: Failed to exec auto script
14 verbose stack Error: shihu-server@0.0.0 auto: `supervisor ./bin/www`
14 verbose stack Exit status 1
14 verbose stack     at EventEmitter.<anonymous> (C:\Program Files\nodejs\node_modules\npm\lib\utils\lifecycle.js:245:16)
14 verbose stack     at emitTwo (events.js:106:13)
14 verbose stack     at EventEmitter.emit (events.js:191:7)
14 verbose stack     at ChildProcess.<anonymous> (C:\Program Files\nodejs\node_modules\npm\lib\utils\spawn.js:24:14)
14 verbose stack     at emitTwo (events.js:106:13)
14 verbose stack     at ChildProcess.emit (events.js:191:7)
14 verbose stack     at maybeClose (internal/child_process.js:850:16)
14 verbose stack     at Process.ChildProcess._handle.onexit (internal/child_process.js:215:5)
15 verbose pkgid shihu-server@0.0.0
16 verbose cwd Z:\wamp\www\shihu\shihu-server
17 error Windows_NT 6.1.7601
18 error argv "C:\\Program Files\\nodejs\\node.exe" "C:\\Program Files\\nodejs\\node_modules\\npm\\bin\\npm-cli.js" "run" "auto"
19 error node v6.2.0
20 error npm  v3.8.9
21 error code ELIFECYCLE
22 error shihu-server@0.0.0 auto: `supervisor ./bin/www`
22 error Exit status 1
23 error Failed at the shihu-server@0.0.0 auto script 'supervisor ./bin/www'.
23 error Make sure you have the latest version of node.js and npm installed.
23 error If you do, this is most likely a problem with the shihu-server package,
23 error not with npm itself.
23 error Tell the author that this fails on your system:
23 error     supervisor ./bin/www
23 error You can get information on how to open an issue for this project with:
23 error     npm bugs shihu-server
23 error Or if that isn't available, you can get their info via:
23 error     npm owner ls shihu-server
23 error There is likely additional logging output above.
24 verbose exit [ 1, true ]
